[debug] [2023-05-08T10:41:59.643Z] ----------------------------------------------------------------------
[debug] [2023-05-08T10:41:59.646Z] Command:       C:\Program Files\nodejs\node.exe C:\Users\Vinatasha\AppData\Roaming\npm\node_modules\firebase-tools\lib\bin\firebase.js init
[debug] [2023-05-08T10:41:59.648Z] CLI Version:   11.30.0
[debug] [2023-05-08T10:41:59.648Z] Platform:      win32
[debug] [2023-05-08T10:41:59.648Z] Node Version:  v16.14.0
[debug] [2023-05-08T10:41:59.650Z] Time:          Mon May 08 2023 17:41:59 GMT+0700 (Western Indonesia Time)
[debug] [2023-05-08T10:41:59.650Z] ----------------------------------------------------------------------
[debug] 
[debug] [2023-05-08T10:41:59.664Z] > command requires scopes: ["email","openid","https://www.googleapis.com/auth/cloudplatformprojects.readonly","https://www.googleapis.com/auth/firebase","https://www.googleapis.com/auth/cloud-platform"]
[debug] [2023-05-08T10:41:59.665Z] > authorizing via signed-in user (vinatasha71@gmail.com)
[info] 
     ######## #### ########  ######## ########     ###     ######  ########
     ##        ##  ##     ## ##       ##     ##  ##   ##  ##       ##
     ######    ##  ########  ######   ########  #########  ######  ######
     ##        ##  ##    ##  ##       ##     ## ##     ##       ## ##
     ##       #### ##     ## ######## ########  ##     ##  ######  ########

You're about to initialize a Firebase project in this directory:

  E:\ONLINE COURSE\SANBERCODE\bds-sanbercode-reactjs-batch-33\final-project

[debug] [2023-05-08T10:48:10.775Z] ----------------------------------------------------------------------
[debug] [2023-05-08T10:48:10.778Z] Command:       C:\Program Files\nodejs\node.exe C:\Users\Vinatasha\AppData\Roaming\npm\node_modules\firebase-tools\lib\bin\firebase.js init
[debug] [2023-05-08T10:48:10.779Z] CLI Version:   11.30.0
[debug] [2023-05-08T10:48:10.780Z] Platform:      win32
[debug] [2023-05-08T10:48:10.780Z] Node Version:  v16.14.0
[debug] [2023-05-08T10:48:10.781Z] Time:          Mon May 08 2023 17:48:10 GMT+0700 (Western Indonesia Time)
[debug] [2023-05-08T10:48:10.782Z] ----------------------------------------------------------------------
[debug] 
[debug] [2023-05-08T10:48:10.798Z] > command requires scopes: ["email","openid","https://www.googleapis.com/auth/cloudplatformprojects.readonly","https://www.googleapis.com/auth/firebase","https://www.googleapis.com/auth/cloud-platform"]
[debug] [2023-05-08T10:48:10.798Z] > authorizing via signed-in user (vinatasha71@gmail.com)
[info] 
     ######## #### ########  ######## ########     ###     ######  ########
     ##        ##  ##     ## ##       ##     ##  ##   ##  ##       ##
     ######    ##  ########  ######   ########  #########  ######  ######
     ##        ##  ##    ##  ##       ##     ## ##     ##       ## ##
     ##       #### ##     ## ######## ########  ##     ##  ######  ########

You're about to initialize a Firebase project in this directory:

  E:\ONLINE COURSE\SANBERCODE\bds-sanbercode-reactjs-batch-33\final-project

[info] 
=== Project Setup
[info] 
[info] First, let's associate this project directory with a Firebase project.
[info] You can create multiple project aliases by running firebase use --add, 
[info] but for now we'll just set up a default project.
[info] 
[debug] [2023-05-08T10:48:52.036Z] > refreshing access token with scopes: []
[debug] [2023-05-08T10:48:52.039Z] >>> [apiv2][query] POST https://www.googleapis.com/oauth2/v3/token [none]
[debug] [2023-05-08T10:48:52.039Z] >>> [apiv2][body] POST https://www.googleapis.com/oauth2/v3/token [omitted]
[debug] [2023-05-08T10:48:52.493Z] <<< [apiv2][status] POST https://www.googleapis.com/oauth2/v3/token 200
[debug] [2023-05-08T10:48:52.493Z] <<< [apiv2][body] POST https://www.googleapis.com/oauth2/v3/token [omitted]
[debug] [2023-05-08T10:48:52.509Z] >>> [apiv2][query] GET https://firebase.googleapis.com/v1beta1/projects pageSize=100
[debug] [2023-05-08T10:48:53.515Z] <<< [apiv2][status] GET https://firebase.googleapis.com/v1beta1/projects 200
[debug] [2023-05-08T10:48:53.515Z] <<< [apiv2][body] GET https://firebase.googleapis.com/v1beta1/projects [omitted]
[info] i  Using project jobseeker-anatasha (JobSeeker-Anatasha) 
[info] 
=== Hosting Setup
[info] 
[info] Your public directory is the folder (relative to your project directory) that
[info] will contain Hosting assets to be uploaded with firebase deploy. If you
[info] have a build process for your assets, use your build's output directory.
[info] 
[debug] [2023-05-08T10:49:37.583Z] >>> [apiv2][query] GET https://www.gstatic.com/firebasejs/releases.json [none]
[debug] [2023-05-08T10:49:37.737Z] <<< [apiv2][status] GET https://www.gstatic.com/firebasejs/releases.json 200
[debug] [2023-05-08T10:49:37.737Z] <<< [apiv2][body] GET https://www.gstatic.com/firebasejs/releases.json {"current":{"version":"9.21.0","browserURL":"https://www.gstatic.com/firebasejs/9.21.0/firebase.js","packageURL":"https://www.gstatic.com/firebasejs/9.21.0/firebase.tgz"},"live":{"version":"9.21","browserURL":"https://www.gstatic.com/firebasejs/live/9.21/firebase.js","packageURL":"https://www.gstatic.com/firebasejs/live/9.21/firebase.tgz"},"components":{"analytics":"https://www.gstatic.com/firebasejs/9.21.0/firebase-analytics.js","app":"https://www.gstatic.com/firebasejs/9.21.0/firebase-app.js","app-check":"https://www.gstatic.com/firebasejs/9.21.0/firebase-app-check.js","auth":"https://www.gstatic.com/firebasejs/9.21.0/firebase-auth.js","auth/cordova":"https://www.gstatic.com/firebasejs/9.21.0/firebase-auth/cordova.js","auth/react-native":"https://www.gstatic.com/firebasejs/9.21.0/firebase-auth/react-native.js","functions":"https://www.gstatic.com/firebasejs/9.21.0/firebase-functions.js","firestore":"https://www.gstatic.com/firebasejs/9.21.0/firebase-firestore.js","firestore/lite":"https://www.gstatic.com/firebasejs/9.21.0/firebase-firestore/lite.js","installations":"https://www.gstatic.com/firebasejs/9.21.0/firebase-installations.js","storage":"https://www.gstatic.com/firebasejs/9.21.0/firebase-storage.js","performance":"https://www.gstatic.com/firebasejs/9.21.0/firebase-performance.js","remote-config":"https://www.gstatic.com/firebasejs/9.21.0/firebase-remote-config.js","messaging":"https://www.gstatic.com/firebasejs/9.21.0/firebase-messaging.js","messaging/sw":"https://www.gstatic.com/firebasejs/9.21.0/firebase-messaging/sw.js","database":"https://www.gstatic.com/firebasejs/9.21.0/firebase-database.js","firestore.memory":"https://www.gstatic.com/firebasejs/9.21.0/firebase-firestore.memory.js"}}
[info] i  Skipping write of build/index.html 
[info] 
[info] i  Detected a .git folder at E:\ONLINE COURSE\SANBERCODE\bds-sanbercode-reactjs-batch-33\final-project 
[info] i  Authorizing with GitHub to upload your service account to a GitHub repository's secrets store. 
[info] 
[info] Visit this URL on this device to log in:
[info] https://github.com/login/oauth/authorize?client_id=89cf50f02ac6aaed3484&state=687354435&redirect_uri=http%3A%2F%2Flocalhost%3A9005&scope=read%3Auser%20repo%20public_repo
[info] 
[info] Waiting for authentication...
[debug] [2023-05-08T10:49:49.461Z] >>> [apiv2][query] POST https://github.com/login/oauth/access_token [none]
[debug] [2023-05-08T10:49:49.461Z] >>> [apiv2][body] POST https://github.com/login/oauth/access_token [stream]
[debug] [2023-05-08T10:49:49.944Z] <<< [apiv2][status] POST https://github.com/login/oauth/access_token 200
[debug] [2023-05-08T10:49:49.945Z] <<< [apiv2][body] POST https://github.com/login/oauth/access_token {"access_token":"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","token_type":"bearer","scope":"read:user,repo"}
[debug] [2023-05-08T10:49:49.977Z] >>> [apiv2][query] GET https://api.github.com/user [none]
[debug] [2023-05-08T10:49:50.454Z] <<< [apiv2][status] GET https://api.github.com/user 200
[debug] [2023-05-08T10:49:50.455Z] <<< [apiv2][body] GET https://api.github.com/user {"login":"Anatashaeka","id":64605197,"node_id":"MDQ6VXNlcjY0NjA1MTk3","avatar_url":"https://avatars.githubusercontent.com/u/64605197?v=4","gravatar_id":"","url":"https://api.github.com/users/Anatashaeka","html_url":"https://github.com/Anatashaeka","followers_url":"https://api.github.com/users/Anatashaeka/followers","following_url":"https://api.github.com/users/Anatashaeka/following{/other_user}","gists_url":"https://api.github.com/users/Anatashaeka/gists{/gist_id}","starred_url":"https://api.github.com/users/Anatashaeka/starred{/owner}{/repo}","subscriptions_url":"https://api.github.com/users/Anatashaeka/subscriptions","organizations_url":"https://api.github.com/users/Anatashaeka/orgs","repos_url":"https://api.github.com/users/Anatashaeka/repos","events_url":"https://api.github.com/users/Anatashaeka/events{/privacy}","received_events_url":"https://api.github.com/users/Anatashaeka/received_events","type":"User","site_admin":false,"name":"Anatasha Eka Syavina","company":null,"blog":"","location":null,"email":null,"hireable":null,"bio":null,"twitter_username":null,"public_repos":10,"public_gists":0,"followers":1,"following":0,"created_at":"2020-04-30T16:57:36Z","updated_at":"2023-05-08T10:49:48Z","private_gists":0,"total_private_repos":1,"owned_private_repos":1,"disk_usage":56699,"collaborators":1,"two_factor_authentication":false,"plan":{"name":"free","space":976562499,"collaborators":0,"private_repos":10000}}
[info] 
[info] +  Success! Logged into GitHub as Anatashaeka 
[info] 
[debug] [2023-05-08T10:50:34.533Z] >>> [apiv2][query] GET https://api.github.com/repos/y/actions/secrets/public-key type=owner
[debug] [2023-05-08T10:50:34.980Z] <<< [apiv2][status] GET https://api.github.com/repos/y/actions/secrets/public-key 404
[debug] [2023-05-08T10:50:34.980Z] <<< [apiv2][body] GET https://api.github.com/repos/y/actions/secrets/public-key {"message":"Not Found","documentation_url":"https://docs.github.com/rest"}
[info] 
[info] 
[error] !  The provided authorization cannot be used with this repository. If this repository is in an organization, did you remember to grant access? 
[info] 
[info] i  Action required: Visit this URL to ensure access has been granted to the appropriate organization(s) for the Firebase CLI GitHub OAuth App: 
[info] https://github.com/settings/connections/applications/89cf50f02ac6aaed3484
[info] 
[debug] [2023-05-08T10:50:49.695Z] >>> [apiv2][query] GET https://api.github.com/repos/yE:\ONLINE COURSE\SANBERCODE\bds-sanbercode-reactjs-batch-33\final-project/actions/secrets/public-key type=owner
[debug] [2023-05-08T10:50:50.107Z] <<< [apiv2][status] GET https://api.github.com/repos/yE:\ONLINE COURSE\SANBERCODE\bds-sanbercode-reactjs-batch-33\final-project/actions/secrets/public-key 404
[debug] [2023-05-08T10:50:50.108Z] <<< [apiv2][body] GET https://api.github.com/repos/yE:\ONLINE COURSE\SANBERCODE\bds-sanbercode-reactjs-batch-33\final-project/actions/secrets/public-key {"message":"Not Found","documentation_url":"https://docs.github.com/rest"}
[info] 
[info] 
[error] !  The provided authorization cannot be used with this repository. If this repository is in an organization, did you remember to grant access? 
[info] 
[info] i  Action required: Visit this URL to ensure access has been granted to the appropriate organization(s) for the Firebase CLI GitHub OAuth App: 
[info] https://github.com/settings/connections/applications/89cf50f02ac6aaed3484
[info] 
[debug] [2023-05-08T10:51:23.245Z] >>> [apiv2][query] GET https://api.github.com/repos/yE:\ONLINE COURSE\SANBERCODE\bds-sanbercode-reactjs-batch-33\final-project/actions/secrets/public-key type=owner
[debug] [2023-05-08T10:51:23.679Z] <<< [apiv2][status] GET https://api.github.com/repos/yE:\ONLINE COURSE\SANBERCODE\bds-sanbercode-reactjs-batch-33\final-project/actions/secrets/public-key 404
[debug] [2023-05-08T10:51:23.679Z] <<< [apiv2][body] GET https://api.github.com/repos/yE:\ONLINE COURSE\SANBERCODE\bds-sanbercode-reactjs-batch-33\final-project/actions/secrets/public-key {"message":"Not Found","documentation_url":"https://docs.github.com/rest"}
[info] 
[info] 
[error] !  The provided authorization cannot be used with this repository. If this repository is in an organization, did you remember to grant access? 
[info] 
[info] i  Action required: Visit this URL to ensure access has been granted to the appropriate organization(s) for the Firebase CLI GitHub OAuth App: 
[info] https://github.com/settings/connections/applications/89cf50f02ac6aaed3484
[info] 
[debug] [2023-05-08T10:51:24.307Z] >>> [apiv2][query] GET https://api.github.com/repos/yE:\ONLINE COURSE\SANBERCODE\bds-sanbercode-reactjs-batch-33\final-project/actions/secrets/public-key type=owner
[debug] [2023-05-08T10:51:24.683Z] <<< [apiv2][status] GET https://api.github.com/repos/yE:\ONLINE COURSE\SANBERCODE\bds-sanbercode-reactjs-batch-33\final-project/actions/secrets/public-key 404
[debug] [2023-05-08T10:51:24.683Z] <<< [apiv2][body] GET https://api.github.com/repos/yE:\ONLINE COURSE\SANBERCODE\bds-sanbercode-reactjs-batch-33\final-project/actions/secrets/public-key {"message":"Not Found","documentation_url":"https://docs.github.com/rest"}
[info] 
[info] 
[error] !  The provided authorization cannot be used with this repository. If this repository is in an organization, did you remember to grant access? 
[info] 
[info] i  Action required: Visit this URL to ensure access has been granted to the appropriate organization(s) for the Firebase CLI GitHub OAuth App: 
[info] https://github.com/settings/connections/applications/89cf50f02ac6aaed3484
[info] 
[debug] [2023-05-08T10:51:37.307Z] >>> [apiv2][query] GET https://api.github.com/repos/no/actions/secrets/public-key type=owner
[debug] [2023-05-08T10:51:37.719Z] <<< [apiv2][status] GET https://api.github.com/repos/no/actions/secrets/public-key 404
[debug] [2023-05-08T10:51:37.719Z] <<< [apiv2][body] GET https://api.github.com/repos/no/actions/secrets/public-key {"message":"Not Found","documentation_url":"https://docs.github.com/rest"}
[info] 
[info] 
[error] !  The provided authorization cannot be used with this repository. If this repository is in an organization, did you remember to grant access? 
[info] 
[info] i  Action required: Visit this URL to ensure access has been granted to the appropriate organization(s) for the Firebase CLI GitHub OAuth App: 
[info] https://github.com/settings/connections/applications/89cf50f02ac6aaed3484
[info] 
[debug] [2023-05-08T10:51:41.507Z] >>> [apiv2][query] GET https://api.github.com/repos/skip/actions/secrets/public-key type=owner
[debug] [2023-05-08T10:51:42.082Z] >>> [apiv2][query] GET https://api.github.com/repos//actions/secrets/public-key type=owner
[debug] [2023-05-08T10:51:42.272Z] <<< [apiv2][status] GET https://api.github.com/repos/skip/actions/secrets/public-key 404
[debug] [2023-05-08T10:51:42.272Z] <<< [apiv2][body] GET https://api.github.com/repos/skip/actions/secrets/public-key {"message":"Not Found","documentation_url":"https://docs.github.com/rest"}
[info] 
[info] 
[error] !  The provided authorization cannot be used with this repository. If this repository is in an organization, did you remember to grant access? 
[info] 
[info] i  Action required: Visit this URL to ensure access has been granted to the appropriate organization(s) for the Firebase CLI GitHub OAuth App: 
[info] https://github.com/settings/connections/applications/89cf50f02ac6aaed3484
[info] 
[debug] [2023-05-08T10:51:42.492Z] <<< [apiv2][status] GET https://api.github.com/repos//actions/secrets/public-key 404
[debug] [2023-05-08T10:51:42.493Z] <<< [apiv2][body] GET https://api.github.com/repos//actions/secrets/public-key {"message":"Not Found","documentation_url":"https://docs.github.com/rest"}
[info] 
[info] 
[error] !  The provided authorization cannot be used with this repository. If this repository is in an organization, did you remember to grant access? 
[info] 
[info] i  Action required: Visit this URL to ensure access has been granted to the appropriate organization(s) for the Firebase CLI GitHub OAuth App: 
[info] https://github.com/settings/connections/applications/89cf50f02ac6aaed3484
[info] 
[debug] [2023-05-08T10:51:43.019Z] >>> [apiv2][query] GET https://api.github.com/repos/skip/actions/secrets/public-key type=owner
[debug] [2023-05-08T10:51:43.449Z] <<< [apiv2][status] GET https://api.github.com/repos/skip/actions/secrets/public-key 404
[debug] [2023-05-08T10:51:43.450Z] <<< [apiv2][body] GET https://api.github.com/repos/skip/actions/secrets/public-key {"message":"Not Found","documentation_url":"https://docs.github.com/rest"}
[info] 
[info] 
[error] !  The provided authorization cannot be used with this repository. If this repository is in an organization, did you remember to grant access? 
[info] 
[info] i  Action required: Visit this URL to ensure access has been granted to the appropriate organization(s) for the Firebase CLI GitHub OAuth App: 
[info] https://github.com/settings/connections/applications/89cf50f02ac6aaed3484
[info] 
[debug] [2023-05-08T10:51:47.670Z] >>> [apiv2][query] GET https://api.github.com/repos/user/actions/secrets/public-key type=owner
[debug] [2023-05-08T10:51:48.260Z] <<< [apiv2][status] GET https://api.github.com/repos/user/actions/secrets/public-key 404
[debug] [2023-05-08T10:51:48.260Z] <<< [apiv2][body] GET https://api.github.com/repos/user/actions/secrets/public-key {"message":"Not Found","documentation_url":"https://docs.github.com/rest"}
[info] 
[info] 
[error] !  The provided authorization cannot be used with this repository. If this repository is in an organization, did you remember to grant access? 
[info] 
[info] i  Action required: Visit this URL to ensure access has been granted to the appropriate organization(s) for the Firebase CLI GitHub OAuth App: 
[info] https://github.com/settings/connections/applications/89cf50f02ac6aaed3484
[info] 
